2025-07-28T16:48:20: Connected to database successfully.
2025-07-28T16:48:21: Closing all database connections...
2025-07-28T16:48:22: Closing all database connections...
2025-07-28T16:48:22: Closing all database connections...
2025-07-28T16:48:23: Closing all database connections...
2025-07-28T16:48:24: Closing all database connections...
2025-07-28T16:48:24: Closing all database connections...
2025-07-28T16:48:25: Closing all database connections...
2025-07-28T16:48:26: Closing all database connections...
2025-07-28T16:48:26: Closing all database connections...
2025-07-28T16:48:27: Closing all database connections...
2025-07-28T16:48:28: Closing all database connections...
2025-07-28T16:48:28: Closing all database connections...
2025-07-28T16:48:29: Closing all database connections...
2025-07-28T16:48:30: Closing all database connections...
2025-07-28T16:48:31: Closing all database connections...
2025-07-28T16:55:07: Server is running on port 7000
2025-07-28T16:55:07: Connected to database successfully.
2025-07-28T16:55:57: Closing all database connections...
2025-07-28T16:55:58: Closing all database connections...
2025-07-28T16:55:58: Closing all database connections...
2025-07-28T16:55:59: Closing all database connections...
2025-07-28T16:56:00: Closing all database connections...
2025-07-28T16:56:00: Closing all database connections...
2025-07-28T16:56:01: Closing all database connections...
2025-07-28T16:56:02: Closing all database connections...
2025-07-28T16:56:02: Closing all database connections...
2025-07-28T16:56:03: Closing all database connections...
2025-07-28T16:56:04: Closing all database connections...
2025-07-28T16:56:05: Closing all database connections...
2025-07-28T16:56:05: Closing all database connections...
2025-07-28T16:56:06: Closing all database connections...
2025-07-28T16:56:07: Closing all database connections...
2025-07-28T16:56:07: Closing all database connections...
2025-07-28T16:56:08: Closing all database connections...
2025-07-28T16:57:41: Server is running on port 7000
2025-07-28T16:57:41: Connected to database successfully.
2025-07-28T17:02:18: Serving React app for: /get-sessions
2025-07-28T17:02:25: Serving React app for: /api/events/16/
2025-07-28T17:02:30: Serving React app for: /get-categories/16
2025-07-28T17:02:30: Serving React app for: /get-sections/16
2025-07-28T17:02:30: Serving React app for: /get-classes/16
2025-07-28T17:02:33: Serving React app for: /admission-list
2025-07-28T17:02:33: Serving React app for: /get-sessions
2025-07-28T17:02:33: Serving React app for: /get-classes/16
2025-07-28T17:02:33: Serving React app for: /get-sections/16
2025-07-28T17:02:33: Serving React app for: /get-categories/16
2025-07-28T17:02:38: Serving React app for: /admission-list
2025-07-28T17:02:39: Serving React app for: /get-sessions
2025-07-28T17:02:39: Serving React app for: /get-classes/16
2025-07-28T17:02:39: Serving React app for: /get-categories/16
2025-07-28T17:02:39: Serving React app for: /get-sections/16
2025-07-28T17:02:55: Serving React app for: /admission-list
2025-07-28T17:02:56: Serving React app for: /get-sessions
2025-07-28T17:02:56: Serving React app for: /get-sections/16
2025-07-28T17:02:56: Serving React app for: /get-classes/16
2025-07-28T17:02:56: Serving React app for: /get-categories/16
